2025-02-21 13:51:45 - ERROR - Erro ao conectar ao banco de dados: 
org.postgresql.util.PSQLException: O servidor não suporta SSL.
	at org.postgresql.core.v3.ConnectionFactoryImpl.enableSSL(ConnectionFactoryImpl.java:524)
	at org.postgresql.core.v3.ConnectionFactoryImpl.tryConnect(ConnectionFactoryImpl.java:149)
	at org.postgresql.core.v3.ConnectionFactoryImpl.openConnectionImpl(ConnectionFactoryImpl.java:213)
	at org.postgresql.core.ConnectionFactory.openConnection(ConnectionFactory.java:51)
	at org.postgresql.jdbc.PgConnection.<init>(PgConnection.java:223)
	at org.postgresql.Driver.makeConnection(Driver.java:465)
	at org.postgresql.Driver.connect(Driver.java:264)
	at java.sql/java.sql.DriverManager.getConnection(DriverManager.java:681)
	at java.sql/java.sql.DriverManager.getConnection(DriverManager.java:229)
	at Database$.getConnection(Database.scala:13)
	at HotelBookingSystem.bookReservation(HotelBookingSystem.scala:30)
	at Main$.main(Main.scala:10)
	at Main.main(Main.scala)
	at java.base/jdk.internal.reflect.NativeMethodAccessorImpl.invoke0(Native Method)
	at java.base/jdk.internal.reflect.NativeMethodAccessorImpl.invoke(NativeMethodAccessorImpl.java:77)
	at java.base/jdk.internal.reflect.DelegatingMethodAccessorImpl.invoke(DelegatingMethodAccessorImpl.java:43)
	at java.base/java.lang.reflect.Method.invoke(Method.java:568)
	at sbt.Run.invokeMain(Run.scala:144)
	at sbt.Run.execute$1(Run.scala:94)
	at sbt.Run.$anonfun$runWithLoader$5(Run.scala:121)
	at sbt.Run$.executeSuccess(Run.scala:187)
	at sbt.Run.runWithLoader(Run.scala:121)
	at sbt.Defaults$.$anonfun$bgRunTask$6(Defaults.scala:2044)
	at sbt.Defaults$.$anonfun$termWrapper$2(Defaults.scala:1983)
	at scala.runtime.java8.JFunction0$mcV$sp.apply(JFunction0$mcV$sp.java:23)
	at scala.util.Try$.apply(Try.scala:213)
	at sbt.internal.BackgroundThreadPool$BackgroundRunnable.run(DefaultBackgroundJobService.scala:369)
	at java.base/java.util.concurrent.ThreadPoolExecutor.runWorker(ThreadPoolExecutor.java:1136)
	at java.base/java.util.concurrent.ThreadPoolExecutor$Worker.run(ThreadPoolExecutor.java:635)
	at java.base/java.lang.Thread.run(Thread.java:833)
2025-02-21 13:53:36 - ERROR - Erro ao conectar ao banco de dados: 
org.postgresql.util.PSQLException: O servidor não suporta SSL.
	at org.postgresql.core.v3.ConnectionFactoryImpl.enableSSL(ConnectionFactoryImpl.java:524)
	at org.postgresql.core.v3.ConnectionFactoryImpl.tryConnect(ConnectionFactoryImpl.java:149)
	at org.postgresql.core.v3.ConnectionFactoryImpl.openConnectionImpl(ConnectionFactoryImpl.java:213)
	at org.postgresql.core.ConnectionFactory.openConnection(ConnectionFactory.java:51)
	at org.postgresql.jdbc.PgConnection.<init>(PgConnection.java:223)
	at org.postgresql.Driver.makeConnection(Driver.java:465)
	at org.postgresql.Driver.connect(Driver.java:264)
	at java.sql/java.sql.DriverManager.getConnection(DriverManager.java:681)
	at java.sql/java.sql.DriverManager.getConnection(DriverManager.java:229)
	at Database$.getConnection(Database.scala:13)
	at HotelBookingSystem.bookReservation(HotelBookingSystem.scala:30)
	at Main$.main(Main.scala:10)
	at Main.main(Main.scala)
	at java.base/jdk.internal.reflect.NativeMethodAccessorImpl.invoke0(Native Method)
	at java.base/jdk.internal.reflect.NativeMethodAccessorImpl.invoke(NativeMethodAccessorImpl.java:77)
	at java.base/jdk.internal.reflect.DelegatingMethodAccessorImpl.invoke(DelegatingMethodAccessorImpl.java:43)
	at java.base/java.lang.reflect.Method.invoke(Method.java:568)
	at sbt.Run.invokeMain(Run.scala:144)
	at sbt.Run.execute$1(Run.scala:94)
	at sbt.Run.$anonfun$runWithLoader$5(Run.scala:121)
	at sbt.Run$.executeSuccess(Run.scala:187)
	at sbt.Run.runWithLoader(Run.scala:121)
	at sbt.Defaults$.$anonfun$bgRunTask$6(Defaults.scala:2044)
	at sbt.Defaults$.$anonfun$termWrapper$2(Defaults.scala:1983)
	at scala.runtime.java8.JFunction0$mcV$sp.apply(JFunction0$mcV$sp.java:23)
	at scala.util.Try$.apply(Try.scala:213)
	at sbt.internal.BackgroundThreadPool$BackgroundRunnable.run(DefaultBackgroundJobService.scala:369)
	at java.base/java.util.concurrent.ThreadPoolExecutor.runWorker(ThreadPoolExecutor.java:1136)
	at java.base/java.util.concurrent.ThreadPoolExecutor$Worker.run(ThreadPoolExecutor.java:635)
	at java.base/java.lang.Thread.run(Thread.java:833)
2025-02-21 13:54:34 - ERROR - Erro ao conectar ao banco de dados: 
org.postgresql.util.PSQLException: O servidor não suporta SSL.
	at org.postgresql.core.v3.ConnectionFactoryImpl.enableSSL(ConnectionFactoryImpl.java:524)
	at org.postgresql.core.v3.ConnectionFactoryImpl.tryConnect(ConnectionFactoryImpl.java:149)
	at org.postgresql.core.v3.ConnectionFactoryImpl.openConnectionImpl(ConnectionFactoryImpl.java:213)
	at org.postgresql.core.ConnectionFactory.openConnection(ConnectionFactory.java:51)
	at org.postgresql.jdbc.PgConnection.<init>(PgConnection.java:223)
	at org.postgresql.Driver.makeConnection(Driver.java:465)
	at org.postgresql.Driver.connect(Driver.java:264)
	at java.sql/java.sql.DriverManager.getConnection(DriverManager.java:681)
	at java.sql/java.sql.DriverManager.getConnection(DriverManager.java:229)
	at Database$.getConnection(Database.scala:13)
	at HotelBookingSystem.bookReservation(HotelBookingSystem.scala:30)
	at Main$.main(Main.scala:10)
	at Main.main(Main.scala)
	at java.base/jdk.internal.reflect.NativeMethodAccessorImpl.invoke0(Native Method)
	at java.base/jdk.internal.reflect.NativeMethodAccessorImpl.invoke(NativeMethodAccessorImpl.java:77)
	at java.base/jdk.internal.reflect.DelegatingMethodAccessorImpl.invoke(DelegatingMethodAccessorImpl.java:43)
	at java.base/java.lang.reflect.Method.invoke(Method.java:568)
	at sbt.Run.invokeMain(Run.scala:144)
	at sbt.Run.execute$1(Run.scala:94)
	at sbt.Run.$anonfun$runWithLoader$5(Run.scala:121)
	at sbt.Run$.executeSuccess(Run.scala:187)
	at sbt.Run.runWithLoader(Run.scala:121)
	at sbt.Defaults$.$anonfun$bgRunTask$6(Defaults.scala:2044)
	at sbt.Defaults$.$anonfun$termWrapper$2(Defaults.scala:1983)
	at scala.runtime.java8.JFunction0$mcV$sp.apply(JFunction0$mcV$sp.java:23)
	at scala.util.Try$.apply(Try.scala:213)
	at sbt.internal.BackgroundThreadPool$BackgroundRunnable.run(DefaultBackgroundJobService.scala:369)
	at java.base/java.util.concurrent.ThreadPoolExecutor.runWorker(ThreadPoolExecutor.java:1136)
	at java.base/java.util.concurrent.ThreadPoolExecutor$Worker.run(ThreadPoolExecutor.java:635)
	at java.base/java.lang.Thread.run(Thread.java:833)
2025-02-21 13:56:51 - ERROR - Erro ao criar a reserva:
org.postgresql.util.PSQLException: ERRO: não existe a coluna "guest_name" da relação "reservations"
  Posição: 36
	at org.postgresql.core.v3.QueryExecutorImpl.receiveErrorResponse(QueryExecutorImpl.java:2553)
	at org.postgresql.core.v3.QueryExecutorImpl.processResults(QueryExecutorImpl.java:2285)
	at org.postgresql.core.v3.QueryExecutorImpl.execute(QueryExecutorImpl.java:323)
	at org.postgresql.jdbc.PgStatement.executeInternal(PgStatement.java:481)
	at org.postgresql.jdbc.PgStatement.execute(PgStatement.java:401)
	at org.postgresql.jdbc.PgPreparedStatement.executeWithFlags(PgPreparedStatement.java:164)
	at org.postgresql.jdbc.PgPreparedStatement.executeUpdate(PgPreparedStatement.java:130)
	at HotelBookingSystem.bookReservation(HotelBookingSystem.scala:39)
	at Main$.main(Main.scala:10)
	at Main.main(Main.scala)
	at java.base/jdk.internal.reflect.NativeMethodAccessorImpl.invoke0(Native Method)
	at java.base/jdk.internal.reflect.NativeMethodAccessorImpl.invoke(NativeMethodAccessorImpl.java:77)
	at java.base/jdk.internal.reflect.DelegatingMethodAccessorImpl.invoke(DelegatingMethodAccessorImpl.java:43)
	at java.base/java.lang.reflect.Method.invoke(Method.java:568)
	at sbt.Run.invokeMain(Run.scala:144)
	at sbt.Run.execute$1(Run.scala:94)
	at sbt.Run.$anonfun$runWithLoader$5(Run.scala:121)
	at sbt.Run$.executeSuccess(Run.scala:187)
	at sbt.Run.runWithLoader(Run.scala:121)
	at sbt.Defaults$.$anonfun$bgRunTask$6(Defaults.scala:2044)
	at sbt.Defaults$.$anonfun$termWrapper$2(Defaults.scala:1983)
	at scala.runtime.java8.JFunction0$mcV$sp.apply(JFunction0$mcV$sp.java:23)
	at scala.util.Try$.apply(Try.scala:213)
	at sbt.internal.BackgroundThreadPool$BackgroundRunnable.run(DefaultBackgroundJobService.scala:369)
	at java.base/java.util.concurrent.ThreadPoolExecutor.runWorker(ThreadPoolExecutor.java:1136)
	at java.base/java.util.concurrent.ThreadPoolExecutor$Worker.run(ThreadPoolExecutor.java:635)
	at java.base/java.lang.Thread.run(Thread.java:833)
2025-02-21 14:00:49 - ERROR - Erro ao criar a reserva:
org.postgresql.util.PSQLException: ERRO: coluna "start_date" é do tipo date mas expressão é do tipo character varying
  Dica: Você precisará reescrever ou converter a expressão.
  Posição: 86
	at org.postgresql.core.v3.QueryExecutorImpl.receiveErrorResponse(QueryExecutorImpl.java:2553)
	at org.postgresql.core.v3.QueryExecutorImpl.processResults(QueryExecutorImpl.java:2285)
	at org.postgresql.core.v3.QueryExecutorImpl.execute(QueryExecutorImpl.java:323)
	at org.postgresql.jdbc.PgStatement.executeInternal(PgStatement.java:481)
	at org.postgresql.jdbc.PgStatement.execute(PgStatement.java:401)
	at org.postgresql.jdbc.PgPreparedStatement.executeWithFlags(PgPreparedStatement.java:164)
	at org.postgresql.jdbc.PgPreparedStatement.executeUpdate(PgPreparedStatement.java:130)
	at HotelBookingSystem.bookReservation(HotelBookingSystem.scala:39)
	at Main$.main(Main.scala:10)
	at Main.main(Main.scala)
	at java.base/jdk.internal.reflect.NativeMethodAccessorImpl.invoke0(Native Method)
	at java.base/jdk.internal.reflect.NativeMethodAccessorImpl.invoke(NativeMethodAccessorImpl.java:77)
	at java.base/jdk.internal.reflect.DelegatingMethodAccessorImpl.invoke(DelegatingMethodAccessorImpl.java:43)
	at java.base/java.lang.reflect.Method.invoke(Method.java:568)
	at sbt.Run.invokeMain(Run.scala:144)
	at sbt.Run.execute$1(Run.scala:94)
	at sbt.Run.$anonfun$runWithLoader$5(Run.scala:121)
	at sbt.Run$.executeSuccess(Run.scala:187)
	at sbt.Run.runWithLoader(Run.scala:121)
	at sbt.Defaults$.$anonfun$bgRunTask$6(Defaults.scala:2044)
	at sbt.Defaults$.$anonfun$termWrapper$2(Defaults.scala:1983)
	at scala.runtime.java8.JFunction0$mcV$sp.apply(JFunction0$mcV$sp.java:23)
	at scala.util.Try$.apply(Try.scala:213)
	at sbt.internal.BackgroundThreadPool$BackgroundRunnable.run(DefaultBackgroundJobService.scala:369)
	at java.base/java.util.concurrent.ThreadPoolExecutor.runWorker(ThreadPoolExecutor.java:1136)
	at java.base/java.util.concurrent.ThreadPoolExecutor$Worker.run(ThreadPoolExecutor.java:635)
	at java.base/java.lang.Thread.run(Thread.java:833)
2025-02-21 14:03:52 - INFO - Reserva realizada com sucesso: Reservation(1,1,Victor Melo,2025-02-21 12:00:00,2025-02-22 12:00:00)
